# JRE version: Java(TM) SE Runtime Environment (8.0_171-b11) (build 1.8.0_171-b11)
# Java VM: Java HotSpot(TM) 64-Bit Server VM (25.171-b11 mixed mode windows-amd64 compressed oops)
Heap:
 PSYoungGen      total 38400K, used 6657K [0x00000000d5800000, 0x00000000d8280000, 0x0000000100000000)
  eden space 33280K, 20% used [0x00000000d5800000,0x00000000d5e807d0,0x00000000d7880000)
  from space 5120K, 0% used [0x00000000d7880000,0x00000000d7880000,0x00000000d7d80000)
  to   space 5120K, 0% used [0x00000000d7d80000,0x00000000d7d80000,0x00000000d8280000)
 ParOldGen       total 64512K, used 618K [0x0000000080800000, 0x0000000084700000, 0x00000000d5800000)
  object space 64512K, 0% used [0x0000000080800000,0x000000008089a9d8,0x0000000084700000)
 Metaspace       used 9295K, capacity 9498K, committed 9728K, reserved 1060864K
  class space    used 1126K, capacity 1223K, committed 1280K, reserved 1048576K
GC Heap History (4 events):
Event: 0.164 GC heap before
{Heap before GC invocations=1 (full 0):
 PSYoungGen      total 38400K, used 3330K [0x00000000d5800000, 0x00000000d8280000, 0x0000000100000000)
  eden space 33280K, 10% used [0x00000000d5800000,0x00000000d5b40978,0x00000000d7880000)
  from space 5120K, 0% used [0x00000000d7d80000,0x00000000d7d80000,0x00000000d8280000)
  to   space 5120K, 0% used [0x00000000d7880000,0x00000000d7880000,0x00000000d7d80000)
 ParOldGen       total 87552K, used 0K [0x0000000080800000, 0x0000000085d80000, 0x00000000d5800000)
  object space 87552K, 0% used [0x0000000080800000,0x0000000080800000,0x0000000085d80000)
 Metaspace       used 5150K, capacity 5270K, committed 5376K, reserved 1060864K
  class space    used 599K, capacity 692K, committed 768K, reserved 1048576K
Event: 0.166 GC heap after
Heap after GC invocations=1 (full 0):
 PSYoungGen      total 38400K, used 720K [0x00000000d5800000, 0x00000000d8280000, 0x0000000100000000)
  eden space 33280K, 0% used [0x00000000d5800000,0x00000000d5800000,0x00000000d7880000)
  from space 5120K, 14% used [0x00000000d7880000,0x00000000d7934010,0x00000000d7d80000)
  to   space 5120K, 0% used [0x00000000d7d80000,0x00000000d7d80000,0x00000000d8280000)
 ParOldGen       total 87552K, used 8K [0x0000000080800000, 0x0000000085d80000, 0x00000000d5800000)
  object space 87552K, 0% used [0x0000000080800000,0x0000000080802000,0x0000000085d80000)
 Metaspace       used 5150K, capacity 5270K, committed 5376K, reserved 1060864K
  class space    used 599K, capacity 692K, committed 768K, reserved 1048576K
}
Event: 0.166 GC heap before
{Heap before GC invocations=2 (full 1):
 PSYoungGen      total 38400K, used 720K [0x00000000d5800000, 0x00000000d8280000, 0x0000000100000000)
  eden space 33280K, 0% used [0x00000000d5800000,0x00000000d5800000,0x00000000d7880000)
  from space 5120K, 14% used [0x00000000d7880000,0x00000000d7934010,0x00000000d7d80000)
  to   space 5120K, 0% used [0x00000000d7d80000,0x00000000d7d80000,0x00000000d8280000)
 ParOldGen       total 87552K, used 8K [0x0000000080800000, 0x0000000085d80000, 0x00000000d5800000)
  object space 87552K, 0% used [0x0000000080800000,0x0000000080802000,0x0000000085d80000)
 Metaspace       used 5150K, capacity 5270K, committed 5376K, reserved 1060864K
  class space    used 599K, capacity 692K, committed 768K, reserved 1048576K
Event: 0.172 GC heap after
Heap after GC invocations=2 (full 1):
 PSYoungGen      total 38400K, used 0K [0x00000000d5800000, 0x00000000d8280000, 0x0000000100000000)
  eden space 33280K, 0% used [0x00000000d5800000,0x00000000d5800000,0x00000000d7880000)
  from space 5120K, 0% used [0x00000000d7880000,0x00000000d7880000,0x00000000d7d80000)
  to   space 5120K, 0% used [0x00000000d7d80000,0x00000000d7d80000,0x00000000d8280000)
 ParOldGen       total 64512K, used 618K [0x0000000080800000, 0x0000000084700000, 0x00000000d5800000)
  object space 64512K, 0% used [0x0000000080800000,0x000000008089a9d8,0x0000000084700000)
 Metaspace       used 5150K, capacity 5270K, committed 5376K, reserved 1058816K
  class space    used 599K, capacity 692K, committed 768K, reserved 1048576K
}

